<?xml version="1.0" encoding="UTF-8"?>
<testsuite xmlns:xsi="http://www.w3.org/2001/XMLSchema-instance" xsi:noNamespaceSchemaLocation="https://maven.apache.org/surefire/maven-surefire-plugin/xsd/surefire-test-report.xsd" version="3.0.2" name="io.quarkus.langchain4j.bug.ModelNameMemoryInteractionTest" time="2.685" tests="1" errors="0" skipped="0" failures="0">
  <properties>
[...]
</properties>
  <testcase name="testModelNameWithMemory" classname="io.quarkus.langchain4j.bug.ModelNameMemoryInteractionTest" time="2.479">
    <system-out><![CDATA[2025-10-29 11:12:10,524 DEBUG [io.qua.lan.dep.ToolProcessor] (build-18) Ignoring tool dev.langchain4j.web.search.WebSearchTool#searchWeb as there is no implementation of dev.langchain4j.web.search.WebSearchEngine on the classpath
2025-10-29 11:12:10,553 DEBUG [io.qua.lan.dep.AiServicesProcessor] (build-2) Annotation dev.langchain4j.service.MemoryId matches an allowed predicate, parameter could be used as template variable.
2025-10-29 11:12:10,559 DEBUG [io.qua.lan.dep.AiServicesProcessor] (build-2) Annotation io.quarkiverse.langchain4j.ModelName doesn't match any predicate, parameter could not be used as template variable unless force allowed by another annotation.
2025-10-29 11:12:10,727 DEBUG [io.qua.lan.dep.ToolProcessor] (build-14) Tool classes before filtering out removed beans: []
2025-10-29 11:12:10,728 DEBUG [io.qua.lan.dep.ToolProcessor] (build-14) Tool classes after filtering out removed beans: []
2025-10-29 11:12:11,137 WARN  [io.qua.config] (main) Unrecognized configuration key "quarkus.langchain4j.default.chat-memory.memory-window.max-messages" was provided; it will be ignored; verify that the dependency extension for this configuration is set or that you did not make a typo
2025-10-29 11:12:11,137 WARN  [io.qua.config] (main) Unrecognized configuration key "quarkus.langchain4j.default2.chat-memory.memory-window.max-messages" was provided; it will be ignored; verify that the dependency extension for this configuration is set or that you did not make a typo
2025-10-29 11:12:11,137 WARN  [io.qua.config] (main) Unrecognized configuration key "quarkus.langchain4j.default2.chat-memory.type" was provided; it will be ignored; verify that the dependency extension for this configuration is set or that you did not make a typo
2025-10-29 11:12:11,137 WARN  [io.qua.config] (main) Unrecognized configuration key "quarkus.langchain4j.default.chat-memory.type" was provided; it will be ignored; verify that the dependency extension for this configuration is set or that you did not make a typo
2025-10-29 11:12:11,137 WARN  [io.qua.config] (main) Unrecognized configuration key "quarkus.http.port" was provided; it will be ignored; verify that the dependency extension for this configuration is set or that you did not make a typo
2025-10-29 11:12:11,202 INFO  [io.quarkus] (main) modelname-memoryid-bug-reproduction 1.0.0-SNAPSHOT on JVM (powered by Quarkus 3.28.4) started in 1.305s. 
2025-10-29 11:12:11,203 INFO  [io.quarkus] (main) Profile test activated. 
2025-10-29 11:12:11,203 INFO  [io.quarkus] (main) Installed features: [cdi, langchain4j, langchain4j-mistralai, langchain4j-openai, qute, rest-client, rest-client-jackson, smallrye-context-propagation, vertx]

========================================
Testing @ModelName WITH @MemoryId
========================================

Call 1: conversationId='conv1', model='default' (expects OpenAI GPT-4)
Response: I am GPT-4.

Call 2: conversationId='conv2', model='default2' (expects Mistral)
Response: I am GPT-4.

]]></system-out>
    <system-err><![CDATA[
✗ BUG DEMONSTRATION:
Check the errors above - both calls attempted the same model!
Expected: First uses gpt-4, second uses mistral-large-latest
Actual: Both use gpt-4o (the non-named fallback configuration)
]]></system-err>
  </testcase>
</testsuite>